{"level":"info","message":"\"deneme\"","timestamp":"6/8/2020, 15:36:41"}
{"level":"info","message":"{\"offset\":1}","timestamp":"6/8/2020, 15:36:41"}
{"level":"info","message":"1","timestamp":"6/8/2020, 15:36:41"}
{"level":"debug","message":"\"DEBUG\"","timestamp":"6/8/2020, 15:36:41"}
{"level":"info","message":"\"deneme\"","timestamp":"6/8/2020, 15:36:43"}
{"level":"info","message":"{\"offset\":1}","timestamp":"6/8/2020, 15:36:43"}
{"level":"info","message":"2","timestamp":"6/8/2020, 15:36:43"}
{"level":"debug","message":"\"DEBUG\"","timestamp":"6/8/2020, 15:36:43"}
{"level":"info","message":"\"deneme\"","timestamp":"6/8/2020, 15:37:42"}
{"level":"info","message":"{\"offset\":1}","timestamp":"6/8/2020, 15:37:42"}
{"level":"debug","message":"\"DEBUG\"","timestamp":"6/8/2020, 15:37:42"}
{"level":"info","message":"1","timestamp":"6/8/2020, 15:37:42"}
{"level":"info","message":"\"deneme\"","timestamp":"6/8/2020, 15:37:57"}
{"level":"info","message":"2","timestamp":"6/8/2020, 15:37:57"}
{"level":"info","message":"{\"offset\":1}","timestamp":"6/8/2020, 15:37:57"}
{"level":"debug","message":"\"DEBUG\"","timestamp":"6/8/2020, 15:37:57"}
{"level":"info","message":"\"deneme\"","timestamp":"6/8/2020, 15:37:57"}
{"level":"info","message":"{\"offset\":1}","timestamp":"6/8/2020, 15:37:57"}
{"level":"info","message":"3","timestamp":"6/8/2020, 15:37:57"}
{"level":"debug","message":"\"DEBUG\"","timestamp":"6/8/2020, 15:37:57"}
{"level":"info","message":"\"deneme\"","timestamp":"6/8/2020, 15:37:58"}
{"level":"info","message":"{\"offset\":1}","timestamp":"6/8/2020, 15:37:58"}
{"level":"info","message":"4","timestamp":"6/8/2020, 15:37:58"}
{"level":"debug","message":"\"DEBUG\"","timestamp":"6/8/2020, 15:37:58"}
{"level":"info","message":"\"deneme\"","timestamp":"6/8/2020, 15:41:02"}
{"level":"info","message":"{\"offset\":1}","timestamp":"6/8/2020, 15:41:02"}
{"level":"info","message":"1","timestamp":"6/8/2020, 15:41:02"}
{"level":"debug","message":"\"DEBUG\"","timestamp":"6/8/2020, 15:41:02"}
{"level":"info","message":"\"deneme\"","timestamp":"6/8/2020, 15:41:02"}
{"level":"info","message":"{\"offset\":1}","timestamp":"6/8/2020, 15:41:02"}
{"level":"info","message":"2","timestamp":"6/8/2020, 15:41:02"}
{"level":"debug","message":"\"DEBUG\"","timestamp":"6/8/2020, 15:41:02"}
{"level":"info","message":"\"deneme\"","timestamp":"6/8/2020, 15:41:02"}
{"level":"info","message":"{\"offset\":1}","timestamp":"6/8/2020, 15:41:02"}
{"level":"info","message":"3","timestamp":"6/8/2020, 15:41:02"}
{"level":"debug","message":"\"DEBUG\"","timestamp":"6/8/2020, 15:41:02"}
{"level":"info","message":"\"deneme\"","timestamp":"6/8/2020, 15:42:48"}
{"level":"info","message":"{\"offset\":1}","timestamp":"6/8/2020, 15:42:48"}
{"level":"info","message":"1","timestamp":"6/8/2020, 15:42:48"}
{"level":"debug","message":"\"DEBUG\"","timestamp":"6/8/2020, 15:42:48"}
{"level":"info","message":"\"deneme\"","timestamp":"6/8/2020, 15:49:47"}
{"level":"info","message":"{\"offset\":1}","timestamp":"6/8/2020, 15:49:47"}
{"level":"info","message":"1","timestamp":"6/8/2020, 15:49:47"}
{"level":"debug","message":"\"DEBUG\"","timestamp":"6/8/2020, 15:49:47"}
{"level":"info","message":"\"deneme\"","timestamp":"6/8/2020, 15:49:47"}
{"level":"info","message":"{\"offset\":1}","timestamp":"6/8/2020, 15:49:47"}
{"level":"info","message":"2","timestamp":"6/8/2020, 15:49:47"}
{"level":"debug","message":"\"DEBUG\"","timestamp":"6/8/2020, 15:49:47"}
{"level":"info","message":"\"deneme\"","timestamp":"6/8/2020, 15:55:36"}
{"level":"info","message":"{\"offset\":1}","timestamp":"6/8/2020, 15:55:36"}
{"level":"info","message":"1","timestamp":"6/8/2020, 15:55:36"}
{"level":"debug","message":"\"DEBUG\"","timestamp":"6/8/2020, 15:55:36"}
{"level":"info","message":"\"deneme\"","timestamp":"6/8/2020, 16:00:58"}
{"level":"info","message":"{\"offset\":1}","timestamp":"6/8/2020, 16:00:58"}
{"level":"info","message":"1","timestamp":"6/8/2020, 16:00:58"}
{"level":"debug","message":"\"DEBUG\"","timestamp":"6/8/2020, 16:00:58"}
{"level":"info","message":"\"deneme\"","timestamp":"6/8/2020, 16:00:58"}
{"level":"info","message":"{\"offset\":1}","timestamp":"6/8/2020, 16:00:58"}
{"level":"info","message":"2","timestamp":"6/8/2020, 16:00:58"}
{"level":"debug","message":"\"DEBUG\"","timestamp":"6/8/2020, 16:00:58"}
{"level":"info","message":"\"deneme\"","timestamp":"6/9/2020, 16:16:57"}
{"level":"info","message":"{\"offset\":1}","timestamp":"6/9/2020, 16:16:57"}
{"level":"info","message":"1","timestamp":"6/9/2020, 16:16:57"}
{"level":"debug","message":"\"DEBUG\"","timestamp":"6/9/2020, 16:16:57"}
{"level":"info","message":"\"deneme\"","timestamp":"6/9/2020, 16:16:57"}
{"level":"info","message":"{\"offset\":1}","timestamp":"6/9/2020, 16:16:57"}
{"level":"info","message":"2","timestamp":"6/9/2020, 16:16:57"}
{"level":"debug","message":"\"DEBUG\"","timestamp":"6/9/2020, 16:16:57"}
{"level":"info","message":"{\"offset\":-1}","timestamp":"6/9/2020, 16:16:58"}
{"level":"info","message":"1","timestamp":"6/9/2020, 16:16:58"}
{"level":"debug","message":"\"DEBUG\"","timestamp":"6/9/2020, 16:16:58"}
{"level":"info","message":"{\"offset\":-1}","timestamp":"6/9/2020, 16:16:58"}
{"level":"info","message":"0","timestamp":"6/9/2020, 16:16:58"}
{"level":"debug","message":"\"DEBUG\"","timestamp":"6/9/2020, 16:16:58"}
{"level":"info","message":"\"deneme\"","timestamp":"6/9/2020, 16:16:58"}
{"level":"info","message":"{\"offset\":1}","timestamp":"6/9/2020, 16:16:58"}
{"level":"info","message":"1","timestamp":"6/9/2020, 16:16:58"}
{"level":"debug","message":"\"DEBUG\"","timestamp":"6/9/2020, 16:16:58"}
{"level":"info","message":"\"deneme\"","timestamp":"6/9/2020, 16:16:58"}
{"level":"info","message":"{\"offset\":1}","timestamp":"6/9/2020, 16:16:58"}
{"level":"info","message":"2","timestamp":"6/9/2020, 16:16:58"}
{"level":"debug","message":"\"DEBUG\"","timestamp":"6/9/2020, 16:16:58"}
{"level":"info","message":"{\"offset\":-1}","timestamp":"6/9/2020, 16:16:59"}
{"level":"info","message":"1","timestamp":"6/9/2020, 16:16:59"}
{"level":"debug","message":"\"DEBUG\"","timestamp":"6/9/2020, 16:16:59"}
{"level":"info","message":"{\"offset\":-1}","timestamp":"6/9/2020, 16:16:59"}
{"level":"info","message":"0","timestamp":"6/9/2020, 16:16:59"}
{"level":"debug","message":"\"DEBUG\"","timestamp":"6/9/2020, 16:16:59"}
{"level":"info","message":"\"deneme\"","timestamp":"6/9/2020, 16:16:59"}
{"level":"info","message":"{\"offset\":1}","timestamp":"6/9/2020, 16:16:59"}
{"level":"info","message":"1","timestamp":"6/9/2020, 16:16:59"}
{"level":"debug","message":"\"DEBUG\"","timestamp":"6/9/2020, 16:16:59"}
{"level":"info","message":"\"deneme\"","timestamp":"6/9/2020, 16:17:00"}
{"level":"info","message":"{\"offset\":1}","timestamp":"6/9/2020, 16:17:00"}
{"level":"info","message":"2","timestamp":"6/9/2020, 16:17:00"}
{"level":"debug","message":"\"DEBUG\"","timestamp":"6/9/2020, 16:17:00"}
{"level":"info","message":"\"deneme\"","timestamp":"6/9/2020, 16:19:16"}
{"level":"info","message":"{\"offset\":1}","timestamp":"6/9/2020, 16:19:16"}
{"level":"info","message":"3","timestamp":"6/9/2020, 16:19:16"}
{"level":"debug","message":"\"DEBUG\"","timestamp":"6/9/2020, 16:19:16"}
{"level":"info","message":"\"deneme\"","timestamp":"6/9/2020, 16:19:16"}
{"level":"info","message":"{\"offset\":1}","timestamp":"6/9/2020, 16:19:16"}
{"level":"info","message":"4","timestamp":"6/9/2020, 16:19:16"}
{"level":"debug","message":"\"DEBUG\"","timestamp":"6/9/2020, 16:19:16"}
{"level":"info","message":"{\"offset\":-1}","timestamp":"6/9/2020, 16:19:17"}
{"level":"info","message":"3","timestamp":"6/9/2020, 16:19:17"}
{"level":"debug","message":"\"DEBUG\"","timestamp":"6/9/2020, 16:19:17"}
{"level":"info","message":"{\"offset\":-1}","timestamp":"6/9/2020, 16:19:17"}
{"level":"info","message":"2","timestamp":"6/9/2020, 16:19:17"}
{"level":"debug","message":"\"DEBUG\"","timestamp":"6/9/2020, 16:19:17"}
{"level":"info","message":"\"deneme\"","timestamp":"6/9/2020, 16:48:26"}
{"level":"info","message":"{\"offset\":1}","timestamp":"6/9/2020, 16:48:26"}
{"level":"info","message":"1","timestamp":"6/9/2020, 16:48:26"}
{"level":"debug","message":"\"DEBUG\"","timestamp":"6/9/2020, 16:48:26"}
{"level":"info","message":"\"deneme\"","timestamp":"6/9/2020, 16:48:26"}
{"level":"info","message":"{\"offset\":1}","timestamp":"6/9/2020, 16:48:26"}
{"level":"info","message":"2","timestamp":"6/9/2020, 16:48:26"}
{"level":"debug","message":"\"DEBUG\"","timestamp":"6/9/2020, 16:48:26"}
{"level":"info","message":"{\"offset\":-1}","timestamp":"6/9/2020, 16:48:26"}
{"level":"info","message":"1","timestamp":"6/9/2020, 16:48:26"}
{"level":"debug","message":"\"DEBUG\"","timestamp":"6/9/2020, 16:48:26"}
{"level":"info","message":"{\"offset\":-1}","timestamp":"6/9/2020, 16:48:27"}
{"level":"info","message":"0","timestamp":"6/9/2020, 16:48:27"}
{"level":"debug","message":"\"DEBUG\"","timestamp":"6/9/2020, 16:48:27"}
{"level":"info","message":"\"deneme\"","timestamp":"6/9/2020, 16:55:35"}
{"level":"info","message":"{\"offset\":1}","timestamp":"6/9/2020, 16:55:35"}
{"level":"info","message":"1","timestamp":"6/9/2020, 16:55:35"}
{"level":"debug","message":"\"DEBUG\"","timestamp":"6/9/2020, 16:55:35"}
{"level":"info","message":"\"deneme\"","timestamp":"6/9/2020, 16:56:43"}
{"level":"info","message":"{\"offset\":1}","timestamp":"6/9/2020, 16:56:43"}
{"level":"info","message":"1","timestamp":"6/9/2020, 16:56:43"}
{"level":"debug","message":"\"DEBUG\"","timestamp":"6/9/2020, 16:56:43"}
{"level":"info","message":"\"deneme\"","timestamp":"6/9/2020, 16:56:45"}
{"level":"info","message":"{\"offset\":1}","timestamp":"6/9/2020, 16:56:45"}
{"level":"info","message":"2","timestamp":"6/9/2020, 16:56:45"}
{"level":"debug","message":"\"DEBUG\"","timestamp":"6/9/2020, 16:56:45"}
{"level":"info","message":"\"deneme\"","timestamp":"6/9/2020, 16:56:46"}
{"level":"info","message":"{\"offset\":1}","timestamp":"6/9/2020, 16:56:46"}
{"level":"info","message":"3","timestamp":"6/9/2020, 16:56:46"}
{"level":"debug","message":"\"DEBUG\"","timestamp":"6/9/2020, 16:56:46"}
{"level":"info","message":"\"deneme\"","timestamp":"6/9/2020, 16:58:33"}
{"level":"info","message":"{\"offset\":1}","timestamp":"6/9/2020, 16:58:33"}
{"level":"info","message":"1","timestamp":"6/9/2020, 16:58:33"}
{"level":"debug","message":"\"DEBUG\"","timestamp":"6/9/2020, 16:58:33"}
{"level":"info","message":"\"deneme\"","timestamp":"6/9/2020, 16:58:34"}
{"level":"info","message":"{\"offset\":1}","timestamp":"6/9/2020, 16:58:34"}
{"level":"info","message":"2","timestamp":"6/9/2020, 16:58:34"}
{"level":"debug","message":"\"DEBUG\"","timestamp":"6/9/2020, 16:58:34"}
{"level":"info","message":"\"deneme\"","timestamp":"6/9/2020, 16:58:34"}
{"level":"info","message":"{\"offset\":1}","timestamp":"6/9/2020, 16:58:34"}
{"level":"info","message":"3","timestamp":"6/9/2020, 16:58:34"}
{"level":"debug","message":"\"DEBUG\"","timestamp":"6/9/2020, 16:58:34"}
{"level":"info","message":"\"deneme\"","timestamp":"6/9/2020, 17:00:13"}
{"level":"info","message":"{\"offset\":1}","timestamp":"6/9/2020, 17:00:13"}
{"level":"info","message":"4","timestamp":"6/9/2020, 17:00:13"}
{"level":"debug","message":"\"DEBUG\"","timestamp":"6/9/2020, 17:00:13"}
{"level":"info","message":"\"deneme\"","timestamp":"6/9/2020, 17:02:08"}
{"level":"info","message":"{\"offset\":1}","timestamp":"6/9/2020, 17:02:08"}
{"level":"info","message":"1","timestamp":"6/9/2020, 17:02:08"}
{"level":"debug","message":"\"DEBUG\"","timestamp":"6/9/2020, 17:02:08"}
{"level":"info","message":"\"deneme\"","timestamp":"6/9/2020, 17:02:12"}
{"level":"info","message":"{\"offset\":1}","timestamp":"6/9/2020, 17:02:12"}
{"level":"info","message":"2","timestamp":"6/9/2020, 17:02:12"}
{"level":"debug","message":"\"DEBUG\"","timestamp":"6/9/2020, 17:02:12"}
